## Module report - date Пн 18 апр 2016 11:35:14
## Created by Pcbnew version kicad no-vcs-found-product
## Unit = inches, Angle = deg.
##

$BeginDESCRIPTION

$BOARD
unit INCH
upper_left_corner  5.726378  3.078740
lower_right_corner  7.767717  5.088583
$EndBOARD

$MODULE "C1"
reference "C1"
value "C"
footprint "Capacitors_ThroughHole:C_Disc_D6_P5"
attribut none
position  6.144685  4.067913
orientation  270.00
layer component
$SHAPE3D
Na "Capacitors_ThroughHole.3dshapes/C_Disc_D6_P5.wrl"
Sc 1 1 1
Of 0.0984252 0 0
Ro 0 0 0
$EndSHAPE3D
$PAD "1"
position  0.000000  0.000000
size  0.055118  0.055118
drill  0.035433
shape_offset  0.000000  0.000000
orientation  0.00
Shape  Circ
Layer  both
$EndPAD
$PAD "2"
position  0.196850  0.000000
size  0.055118  0.055118
drill  0.035433
shape_offset  0.000000  0.000000
orientation  0.00
Shape  ???
Layer  both
$EndPAD
$EndMODULE  C1

$MODULE "C2"
reference "C2"
value "C"
footprint "Capacitors_ThroughHole:C_Disc_D6_P5"
attribut none
position  6.586614  3.812008
orientation  180.00
layer component
$SHAPE3D
Na "Capacitors_ThroughHole.3dshapes/C_Disc_D6_P5.wrl"
Sc 1 1 1
Of 0.0984252 0 0
Ro 0 0 0
$EndSHAPE3D
$PAD "1"
position  0.000000  0.000000
size  0.055118  0.055118
drill  0.035433
shape_offset  0.000000  0.000000
orientation  0.00
Shape  Circ
Layer  both
$EndPAD
$PAD "2"
position  0.196850  0.000000
size  0.055118  0.055118
drill  0.035433
shape_offset  0.000000  0.000000
orientation  0.00
Shape  ???
Layer  both
$EndPAD
$EndMODULE  C2

$MODULE "D1"
reference "D1"
value "D_Schottky_x2_KCom_AKA"
footprint "TO_SOT_Packages_THT:TO-220_Neutral123_Vertical"
attribut none
position  6.450787  3.455709
orientation  0.00
layer component
$SHAPE3D
Na "TO_SOT_Packages_THT.3dshapes/TO-220_Neutral123_Vertical.wrl"
Sc 0.3937 0.3937 0.3937
Of 0 0 0
Ro 0 0 0
$EndSHAPE3D
$PAD "2"
position  0.000000  0.000000
size  0.098400  0.059100
drill  0.039400
shape_offset  0.000000  0.000000
orientation  90.00
Shape  Rect
Layer  both
$EndPAD
$PAD "1"
position -0.100000  0.000000
size  0.098400  0.059100
drill  0.039400
shape_offset  0.000000  0.000000
orientation  90.00
Shape  Rect
Layer  both
$EndPAD
$PAD "3"
position  0.100000  0.000000
size  0.098400  0.059100
drill  0.039400
shape_offset  0.000000  0.000000
orientation  90.00
Shape  Rect
Layer  both
$EndPAD
$EndMODULE  D1

$MODULE "L1"
reference "L1"
value "INDUCTOR"
footprint "Choke_Toroid_ThroughHole:Choke_Toroid_8x16mm_Vertical"
attribut none
position  6.850394  3.818898
orientation  270.00
layer component
$PAD "1"
position  0.300000  0.000000
size  0.078700  0.078700
drill  0.039400
shape_offset  0.000000  0.000000
orientation  0.00
Shape  ???
Layer  both
$EndPAD
$PAD "2"
position  0.300000 -0.300000
size  0.078700  0.078700
drill  0.039400
shape_offset  0.000000  0.000000
orientation  0.00
Shape  ???
Layer  both
$EndPAD
$EndMODULE  L1

$MODULE "P1"
reference "P1"
value "CONN_01X02"
footprint "Connect:bornier2"
attribut none
position  7.519685  4.055118
orientation  270.00
layer component
$SHAPE3D
Na "Connect.3dshapes/bornier2.wrl"
Sc 1 1 1
Of 0 0 0
Ro 0 0 0
$EndSHAPE3D
$PAD "1"
position -0.100000  0.000000
size  0.100000  0.100000
drill  0.060000
shape_offset  0.000000  0.000000
orientation  0.00
Shape  Circ
Layer  both
$EndPAD
$PAD "2"
position  0.100000  0.000000
size  0.100000  0.100000
drill  0.060000
shape_offset  0.000000  0.000000
orientation  0.00
Shape  ???
Layer  both
$EndPAD
$EndMODULE  P1

$MODULE "P2"
reference "P2"
value "CONN_01X02"
footprint "Connect:bornier2"
attribut none
position  7.519685  4.527559
orientation  270.00
layer component
$SHAPE3D
Na "Connect.3dshapes/bornier2.wrl"
Sc 1 1 1
Of 0 0 0
Ro 0 0 0
$EndSHAPE3D
$PAD "1"
position -0.100000  0.000000
size  0.100000  0.100000
drill  0.060000
shape_offset  0.000000  0.000000
orientation  0.00
Shape  Circ
Layer  both
$EndPAD
$PAD "2"
position  0.100000  0.000000
size  0.100000  0.100000
drill  0.060000
shape_offset  0.000000  0.000000
orientation  0.00
Shape  ???
Layer  both
$EndPAD
$EndMODULE  P2

$MODULE "R1"
reference "R1"
value "R"
footprint "Resistors_ThroughHole:Resistor_Horizontal_RM10mm"
attribut none
position  6.545276  4.362205
orientation  90.00
layer component
$SHAPE3D
Na "Resistors_ThroughHole.3dshapes/Resistor_Horizontal_RM10mm.wrl"
Sc 0.4 0.4 0.4
Of 0.2 0 0
Ro 0 0 0
$EndSHAPE3D
$PAD "1"
position  0.000000  0.000000
size  0.078700  0.078700
drill  0.039400
shape_offset  0.000000  0.000000
orientation  0.00
Shape  ???
Layer  both
$EndPAD
$PAD "2"
position  0.400000  0.000000
size  0.078700  0.078700
drill  0.039400
shape_offset  0.000000  0.000000
orientation  0.00
Shape  ???
Layer  both
$EndPAD
$EndMODULE  R1

$MODULE "R2"
reference "R2"
value "R"
footprint "Resistors_ThroughHole:Resistor_Horizontal_RM10mm"
attribut none
position  6.425197  3.960630
orientation  270.00
layer component
$SHAPE3D
Na "Resistors_ThroughHole.3dshapes/Resistor_Horizontal_RM10mm.wrl"
Sc 0.4 0.4 0.4
Of 0.2 0 0
Ro 0 0 0
$EndSHAPE3D
$PAD "1"
position  0.000000  0.000000
size  0.078700  0.078700
drill  0.039400
shape_offset  0.000000  0.000000
orientation  0.00
Shape  ???
Layer  both
$EndPAD
$PAD "2"
position  0.400000  0.000000
size  0.078700  0.078700
drill  0.039400
shape_offset  0.000000  0.000000
orientation  0.00
Shape  ???
Layer  both
$EndPAD
$EndMODULE  R2

$MODULE "R3"
reference "R3"
value "R"
footprint "Resistors_ThroughHole:Resistor_Horizontal_RM10mm"
attribut none
position  6.307087  4.362205
orientation  90.00
layer component
$SHAPE3D
Na "Resistors_ThroughHole.3dshapes/Resistor_Horizontal_RM10mm.wrl"
Sc 0.4 0.4 0.4
Of 0.2 0 0
Ro 0 0 0
$EndSHAPE3D
$PAD "1"
position  0.000000  0.000000
size  0.078700  0.078700
drill  0.039400
shape_offset  0.000000  0.000000
orientation  0.00
Shape  ???
Layer  both
$EndPAD
$PAD "2"
position  0.400000  0.000000
size  0.078700  0.078700
drill  0.039400
shape_offset  0.000000  0.000000
orientation  0.00
Shape  ???
Layer  both
$EndPAD
$EndMODULE  R3

$MODULE "U1"
reference "U1"
value "LM1577_LM1577"
footprint "TO_SOT_Packages_THT:Pentawatt_Neutral_Straight_Vertical_TO220-5-T05A"
attribut none
position  6.449803  4.628937
orientation  180.00
layer component
$SHAPE3D
Na "TO_SOT_Packages_THT.3dshapes/Pentawatt_Neutral_Straight_Vertical_TO220-5-T05A.wrl"
Sc 0.3937 0.3937 0.3937
Of 0 0 0
Ro 0 0 0
$EndSHAPE3D
$PAD "3"
position  0.000000 -0.023600
size  0.098400  0.059100
drill  0.043300
shape_offset  0.000000  0.000000
orientation  90.00
Shape  Rect
Layer  both
$EndPAD
$PAD "1"
position -0.145700 -0.023600
size  0.098400  0.059100
drill  0.043300
shape_offset  0.000000  0.000000
orientation  90.00
Shape  Rect
Layer  both
$EndPAD
$PAD "5"
position  0.145700 -0.023600
size  0.098400  0.059100
drill  0.043300
shape_offset  0.000000  0.000000
orientation  90.00
Shape  Rect
Layer  both
$EndPAD
$PAD "4"
position  0.070900 -0.023600
size  0.098400  0.059100
drill  0.043300
shape_offset  0.000000  0.000000
orientation  90.00
Shape  Rect
Layer  both
$EndPAD
$PAD "2"
position -0.070900 -0.023600
size  0.098400  0.059100
drill  0.043300
shape_offset  0.000000  0.000000
orientation  90.00
Shape  Rect
Layer  both
$EndPAD
$EndMODULE  U1

$MODULE "C3"
reference "C3"
value "CP"
footprint "Capacitors_ThroughHole:C_Radial_D10_L13_P5"
attribut none
position  6.039370  3.629921
orientation  270.00
layer component
$SHAPE3D
Na "Capacitors_ThroughHole.3dshapes/C_Radial_D10_L13_P5.wrl"
Sc 1 1 1
Of 0.0984252 0 0
Ro 0 0 90
$EndSHAPE3D
$PAD "1"
position  0.000000  0.000000
size  0.051181  0.051181
drill  0.031496
shape_offset  0.000000  0.000000
orientation  0.00
Shape  Circ
Layer  both
$EndPAD
$PAD "2"
position  0.196850  0.000000
size  0.051181  0.051181
drill  0.031496
shape_offset  0.000000  0.000000
orientation  0.00
Shape  ???
Layer  both
$EndPAD
$EndMODULE  C3

$LINE 
start 7.763780 3.084646
end 7.530512 3.084646
width 0.005906
$EndLINE 
$LINE 
start 7.763780 5.084646
end 7.763780 3.084646
width 0.005906
$EndLINE 
$LINE 
start 5.731299 5.084646
end 7.763780 5.084646
width 0.005906
$EndLINE 
$LINE 
start 5.730315 5.084646
end 5.730315 3.084646
width 0.005906
$EndLINE 
$LINE 
start 5.730315 3.084646
end 7.531496 3.084646
width 0.005906
$EndLINE 
$EndDESCRIPTION
